android/app/build/outputs/mapping/release/seeds.txt
com.example.habit_tracker.MainActivity
com.example.habit_tracker.MainActivity: MainActivity()
...
androidx.recyclerview.widget.RecyclerView: void setClipToPadding(boolean)
com.google.android.material.textfield.TextInputLayout: int getCounterMaxLength()
com.google.android.material.button.MaterialButton: java.lang.String getA11yClassName()
androidx.core.widget.TextViewCompat$Api23Impl: void setBreakStrategy(android.widget.TextView,int)
androidx.core.content.ContextCompat$Api21Impl: java.io.File getNoBackupFilesDir(android.content.Context)
androidx.core.view.ViewCompat$Api26Impl: void setNextClusterForwardId(android.view.View,int)
androidx.appcompat.widget.AppCompatTextView: void setAllCaps(boolean)
androidx.core.view.ViewCompat$Api30Impl: boolean isImportantForContentCapture(android.view.View)
androidx.appcompat.widget.Toolbar$Api33Impl: void tryRegisterOnBackInvokedCallback(java.lang.Object,java.lang.Object)
com.google.android.material.transformation.FabTransformationBehavior: FabTransformationBehavior(android.content.Context,android.util.AttributeSet)
io.flutter.embedding.android.FlutterImageView: android.view.Surface getSurface()
io.flutter.embedding.engine.systemchannels.TextInputChannel$TextInputType: io.flutter.embedding.engine.systemchannels.TextInputChannel$TextInputType valueOf(java.lang.String)
com.google.android.material.button.MaterialButton: android.content.res.ColorStateList getBackgroundTintList()
androidx.appcompat.widget.AppCompatAutoCompleteTextView: void setDropDownBackgroundResource(int)
com.google.android.material.textfield.TextInputLayout: void setHintTextAppearance(int)
androidx.core.view.ViewCompat$Api21Impl: void setBackgroundTintMode(android.view.View,android.graphics.PorterDuff$Mode)
com.google.android.material.textfield.TextInputEditText: java.lang.CharSequence getHint()
com.google.android.material.button.MaterialButton: void setCornerRadiusResource(int)
androidx.appcompat.widget.AppCompatTextView: int getAutoSizeStepGranularity()
androidx.appcompat.widget.SearchView$SearchAutoComplete: int getSearchViewTextMinWidthDp()
androidx.appcompat.widget.AppCompatTextView: void setTextMetricsParamsCompat(androidx.core.text.PrecomputedTextCompat$Params)
androidx.appcompat.widget.ActionMenuView: android.graphics.drawable.Drawable getOverflowIcon()
com.google.android.material.appbar.MaterialToolbar: java.lang.Integer getNavigationIconTint()
com.google.android.material.behavior.HideBottomViewOnScrollBehavior: HideBottomViewOnScrollBehavior(android.content.Context,android.util.AttributeSet)
androidx.core.view.WindowInsetsCompat$Impl: androidx.core.view.WindowInsetsCompat consumeDisplayCutout()
androidx.appcompat.widget.AppCompatTextViewAutoSizeHelper$Api23Impl: android.text.StaticLayout createStaticLayoutForMeasuring(java.lang.CharSequence,android.text.Layout$Alignment,int,int,android.widget.TextView,android.text.TextPaint,androidx.appcompat.widget.AppCompatTextViewAutoSizeHelper$Impl)
androidx.core.widget.PopupWindowCompat$Api23Impl: boolean getOverlapAnchor(android.widget.PopupWindow)
androidx.profileinstaller.FileSectionType: androidx.profileinstaller.FileSectionType valueOf(java.lang.String)
androidx.core.graphics.drawable.DrawableCompat$Api21Impl: void applyTheme(android.graphics.drawable.Drawable,android.content.res.Resources$Theme)
androidx.core.graphics.drawable.IconCompat$Api23Impl: android.graphics.drawable.Drawable loadDrawable(android.graphics.drawable.Icon,android.content.Context)
io.flutter.embedding.engine.renderer.FlutterRenderer$ImageReaderSurfaceProducer: io.flutter.embedding.engine.renderer.FlutterRenderer$ImageReaderSurfaceProducer$PerImageReader getActiveReader()
com.google.android.material.chip.Chip: float getIconEndPadding()
androidx.appcompat.widget.Toolbar: android.graphics.drawable.Drawable getLogo()
androidx.appcompat.widget.SearchView: void setImeOptions(int)
androidx.appcompat.widget.ActionBarContextView: void setVisibility(int)
androidx.appcompat.widget.AppCompatButton: void setAllCaps(boolean)
androidx.recyclerview.widget.RecyclerView: boolean isLayoutSuppressed()